#
# There is insufficient memory for the Java Runtime Environment to continue.
# Native memory allocation (malloc) failed to allocate 1676176 bytes. Error detail: Chunk::new
# Possible reasons:
#   The system is out of physical RAM or swap space
#   This process is running with CompressedOops enabled, and the Java Heap may be blocking the growth of the native heap
# Possible solutions:
#   Reduce memory load on the system
#   Increase physical memory or swap space
#   Check if swap backing store is full
#   Decrease Java heap size (-Xmx/-Xms)
#   Decrease number of Java threads
#   Decrease Java thread stack sizes (-Xss)
#   Set larger code cache with -XX:ReservedCodeCacheSize=
#   JVM is running with Unscaled Compressed Oops mode in which the Java heap is
#     placed in the first 4GB address space. The Java Heap base address is the
#     maximum limit for the native heap growth. Please use -XX:HeapBaseMinAddress
#     to set the Java Heap base and to place the Java Heap above 4GB virtual address.
# This output file may be truncated or incomplete.
#
#  Out of Memory Error (arena.cpp:149), pid=21244, tid=36676
#
# JRE version: OpenJDK Runtime Environment (23.0.1+11) (build 23.0.1+11-39)
# Java VM: OpenJDK 64-Bit Server VM (23.0.1+11-39, mixed mode, sharing, tiered, compressed oops, compressed class ptrs, g1 gc, windows-amd64)
# No core dump will be written. Minidumps are not enabled by default on client versions of Windows
#

---------------  S U M M A R Y ------------

Command Line: -javaagent:C:\Program Files\JetBrains\IntelliJ IDEA Community Edition 2024.3\lib\idea_rt.jar=57200:C:\Program Files\JetBrains\IntelliJ IDEA Community Edition 2024.3\bin -Dfile.encoding=UTF-8 -Dsun.stdout.encoding=UTF-8 -Dsun.stderr.encoding=UTF-8 com.zosh.OnlineFoodOrderingApplication

Host: AMD Ryzen 7 6800H with Radeon Graphics         , 16 cores, 7G,  Windows 11 , 64 bit Build 22621 (10.0.22621.5124)
Time: Tue Apr 22 16:01:52 2025 SE Asia Standard Time elapsed time: 5645.518060 seconds (0d 1h 34m 5s)

---------------  T H R E A D  ---------------

Current thread (0x0000017e1ba04320):  JavaThread "C2 CompilerThread0" daemon [_thread_in_native, id=36676, stack(0x0000003737700000,0x0000003737800000) (1024K)]


Current CompileTask:
C2:5645518 14453   !   4       org.springframework.web.servlet.mvc.method.annotation.AbstractMessageConverterMethodProcessor::writeWithMessageConverters (1017 bytes)

Stack: [0x0000003737700000,0x0000003737800000]
Native frames: (J=compiled Java code, j=interpreted, Vv=VM code, C=native code)
V  [jvm.dll+0x6e08b9]  (no source info available)
V  [jvm.dll+0x87dc83]  (no source info available)
V  [jvm.dll+0x88010e]  (no source info available)
V  [jvm.dll+0x8807e3]  (no source info available)
V  [jvm.dll+0x27aee6]  (no source info available)
V  [jvm.dll+0xbc06f]  (no source info available)
V  [jvm.dll+0xbc2cb]  (no source info available)
V  [jvm.dll+0x3b3a62]  (no source info available)
V  [jvm.dll+0x38a42b]  (no source info available)
V  [jvm.dll+0x38989a]  (no source info available)
V  [jvm.dll+0x244aa1]  (no source info available)
V  [jvm.dll+0x243dff]  (no source info available)
V  [jvm.dll+0x1c33a0]  (no source info available)
V  [jvm.dll+0x253cf1]  (no source info available)
V  [jvm.dll+0x251faa]  (no source info available)
V  [jvm.dll+0x3ee036]  (no source info available)
V  [jvm.dll+0x824f8b]  (no source info available)
V  [jvm.dll+0x6df065]  (no source info available)
C  [ucrtbase.dll+0x29333]  (no source info available)
C  [KERNEL32.DLL+0x1259d]  (no source info available)
C  [ntdll.dll+0x5af38]  (no source info available)

Lock stack of current Java thread (top to bottom):


---------------  P R O C E S S  ---------------

Threads class SMR info:
_java_thread_list=0x0000017e63ce9ed0, length=32, elements={
0x0000017e1b9f16c0, 0x0000017e1b9f2680, 0x0000017e1b9f6c10, 0x0000017e1b9f7870,
0x0000017e1b9fbbc0, 0x0000017e1ba009c0, 0x0000017e1ba04320, 0x0000017e1ba056a0,
0x0000017e1c703140, 0x0000017e624f4570, 0x0000017e624f51f0, 0x0000017e63a4c710,
0x0000017e63a4cda0, 0x0000017e63a4d430, 0x0000017e64455b50, 0x0000017e64457590,
0x0000017e6445bdc0, 0x0000017e6445aa10, 0x0000017e6445cae0, 0x0000017e644561e0,
0x0000017e64456870, 0x0000017e644582b0, 0x0000017e64459660, 0x0000017e64458940,
0x0000017e63a4e150, 0x0000017e659d5350, 0x0000017e659d4cc0, 0x0000017e659d87d0,
0x0000017e659d2560, 0x0000017e659d8e60, 0x0000017e659d6070, 0x0000017e66589200
}

Java Threads: ( => current thread )
  0x0000017e1b9f16c0 JavaThread "Reference Handler"          daemon [_thread_blocked, id=3512, stack(0x0000003737100000,0x0000003737200000) (1024K)]
  0x0000017e1b9f2680 JavaThread "Finalizer"                  daemon [_thread_blocked, id=35864, stack(0x0000003737200000,0x0000003737300000) (1024K)]
  0x0000017e1b9f6c10 JavaThread "Signal Dispatcher"          daemon [_thread_blocked, id=2252, stack(0x0000003737300000,0x0000003737400000) (1024K)]
  0x0000017e1b9f7870 JavaThread "Attach Listener"            daemon [_thread_blocked, id=28604, stack(0x0000003737400000,0x0000003737500000) (1024K)]
  0x0000017e1b9fbbc0 JavaThread "Service Thread"             daemon [_thread_blocked, id=28624, stack(0x0000003737500000,0x0000003737600000) (1024K)]
  0x0000017e1ba009c0 JavaThread "Monitor Deflation Thread"   daemon [_thread_blocked, id=28612, stack(0x0000003737600000,0x0000003737700000) (1024K)]
=>0x0000017e1ba04320 JavaThread "C2 CompilerThread0"         daemon [_thread_in_native, id=36676, stack(0x0000003737700000,0x0000003737800000) (1024K)]
  0x0000017e1ba056a0 JavaThread "C1 CompilerThread0"         daemon [_thread_blocked, id=3800, stack(0x0000003737800000,0x0000003737900000) (1024K)]
  0x0000017e1c703140 JavaThread "Common-Cleaner"             daemon [_thread_blocked, id=21408, stack(0x0000003737900000,0x0000003737a00000) (1024K)]
  0x0000017e624f4570 JavaThread "Monitor Ctrl-Break"         daemon [_thread_in_native, id=35480, stack(0x0000003737a00000,0x0000003737b00000) (1024K)]
  0x0000017e624f51f0 JavaThread "Notification Thread"        daemon [_thread_blocked, id=27788, stack(0x0000003738b00000,0x0000003738c00000) (1024K)]
  0x0000017e63a4c710 JavaThread "Catalina-utility-1"                [_thread_blocked, id=16864, stack(0x000000373a540000,0x000000373a640000) (1024K)]
  0x0000017e63a4cda0 JavaThread "Catalina-utility-2"                [_thread_blocked, id=33088, stack(0x000000373a640000,0x000000373a740000) (1024K)]
  0x0000017e63a4d430 JavaThread "container-0"                       [_thread_blocked, id=14872, stack(0x000000373a740000,0x000000373a840000) (1024K)]
  0x0000017e64455b50 JavaThread "mysql-cj-abandoned-connection-cleanup" daemon [_thread_blocked, id=15644, stack(0x000000373a840000,0x000000373a940000) (1024K)]
  0x0000017e64457590 JavaThread "HikariPool-1 housekeeper"   daemon [_thread_blocked, id=7300, stack(0x000000373aa40000,0x000000373ab40000) (1024K)]
  0x0000017e6445bdc0 JavaThread "File Watcher"               daemon [_thread_blocked, id=31736, stack(0x0000003739940000,0x0000003739a40000) (1024K)]
  0x0000017e6445aa10 JavaThread "Live Reload Server"         daemon [_thread_in_native, id=26508, stack(0x000000373a040000,0x000000373a140000) (1024K)]
  0x0000017e6445cae0 JavaThread "http-nio-5454-exec-1"       daemon [_thread_blocked, id=36476, stack(0x0000003739f40000,0x000000373a040000) (1024K)]
  0x0000017e644561e0 JavaThread "http-nio-5454-exec-2"       daemon [_thread_blocked, id=34696, stack(0x000000373ab40000,0x000000373ac40000) (1024K)]
  0x0000017e64456870 JavaThread "http-nio-5454-exec-3"       daemon [_thread_blocked, id=27672, stack(0x000000373ac40000,0x000000373ad40000) (1024K)]
  0x0000017e644582b0 JavaThread "http-nio-5454-exec-4"       daemon [_thread_blocked, id=33560, stack(0x000000373ad40000,0x000000373ae40000) (1024K)]
  0x0000017e64459660 JavaThread "http-nio-5454-exec-5"       daemon [_thread_blocked, id=36320, stack(0x000000373ae40000,0x000000373af40000) (1024K)]
  0x0000017e64458940 JavaThread "http-nio-5454-exec-6"       daemon [_thread_blocked, id=18308, stack(0x000000373af40000,0x000000373b040000) (1024K)]
  0x0000017e63a4e150 JavaThread "http-nio-5454-exec-7"       daemon [_thread_blocked, id=34996, stack(0x000000373b040000,0x000000373b140000) (1024K)]
  0x0000017e659d5350 JavaThread "http-nio-5454-exec-8"       daemon [_thread_blocked, id=31848, stack(0x000000373b140000,0x000000373b240000) (1024K)]
  0x0000017e659d4cc0 JavaThread "http-nio-5454-exec-9"       daemon [_thread_blocked, id=18104, stack(0x000000373b240000,0x000000373b340000) (1024K)]
  0x0000017e659d87d0 JavaThread "http-nio-5454-exec-10"      daemon [_thread_blocked, id=6656, stack(0x000000373b340000,0x000000373b440000) (1024K)]
  0x0000017e659d2560 JavaThread "http-nio-5454-Poller"       daemon [_thread_in_native, id=22092, stack(0x000000373b440000,0x000000373b540000) (1024K)]
  0x0000017e659d8e60 JavaThread "http-nio-5454-Acceptor"     daemon [_thread_in_native, id=17004, stack(0x000000373b540000,0x000000373b640000) (1024K)]
  0x0000017e659d6070 JavaThread "DestroyJavaVM"                     [_thread_blocked, id=35280, stack(0x0000003736900000,0x0000003736a00000) (1024K)]
  0x0000017e66589200 JavaThread "C2 CompilerThread1"         daemon [_thread_in_native, id=16648, stack(0x0000003736700000,0x0000003736800000) (1024K)]
Total: 32

Other Threads:
  0x0000017e1b9d93c0 VMThread "VM Thread"                           [id=1644, stack(0x0000003737000000,0x0000003737100000) (1024K)]
  0x0000017e1b9c8850 WatcherThread "VM Periodic Task Thread"        [id=3692, stack(0x0000003736f00000,0x0000003737000000) (1024K)]
  0x0000017e7f031490 WorkerThread "GC Thread#0"                     [id=28592, stack(0x0000003736a00000,0x0000003736b00000) (1024K)]
  0x0000017e62c99730 WorkerThread "GC Thread#1"                     [id=17136, stack(0x0000003739440000,0x0000003739540000) (1024K)]
  0x0000017e62c99ae0 WorkerThread "GC Thread#2"                     [id=30428, stack(0x0000003739540000,0x0000003739640000) (1024K)]
  0x0000017e62c99e90 WorkerThread "GC Thread#3"                     [id=21628, stack(0x0000003739640000,0x0000003739740000) (1024K)]
  0x0000017e62cd1750 WorkerThread "GC Thread#4"                     [id=34516, stack(0x0000003739740000,0x0000003739840000) (1024K)]
  0x0000017e62c71480 WorkerThread "GC Thread#5"                     [id=24680, stack(0x0000003739840000,0x0000003739940000) (1024K)]
  0x0000017e62eac1b0 WorkerThread "GC Thread#6"                     [id=35100, stack(0x0000003739b40000,0x0000003739c40000) (1024K)]
  0x0000017e62eab2f0 WorkerThread "GC Thread#7"                     [id=26996, stack(0x0000003739c40000,0x0000003739d40000) (1024K)]
  0x0000017e62eac560 WorkerThread "GC Thread#8"                     [id=14812, stack(0x0000003739d40000,0x0000003739e40000) (1024K)]
  0x0000017e62eabe00 WorkerThread "GC Thread#9"                     [id=5100, stack(0x0000003739e40000,0x0000003739f40000) (1024K)]
  0x0000017e63b29950 WorkerThread "GC Thread#10"                    [id=4200, stack(0x0000003739a40000,0x0000003739b40000) (1024K)]
  0x0000017e63b2af70 WorkerThread "GC Thread#11"                    [id=25968, stack(0x000000373a140000,0x000000373a240000) (1024K)]
  0x0000017e63b2b320 WorkerThread "GC Thread#12"                    [id=19736, stack(0x000000373a240000,0x000000373a340000) (1024K)]
  0x0000017e7f0458a0 ConcurrentGCThread "G1 Main Marker"            [id=18700, stack(0x0000003736b00000,0x0000003736c00000) (1024K)]
  0x0000017e7f046b50 WorkerThread "G1 Conc#0"                       [id=28620, stack(0x0000003736c00000,0x0000003736d00000) (1024K)]
  0x0000017e63b2b6d0 WorkerThread "G1 Conc#1"                       [id=35684, stack(0x000000373a340000,0x000000373a440000) (1024K)]
  0x0000017e63b2ba80 WorkerThread "G1 Conc#2"                       [id=36012, stack(0x000000373a440000,0x000000373a540000) (1024K)]
  0x0000017e1b898c10 ConcurrentGCThread "G1 Refine#0"               [id=28096, stack(0x0000003736d00000,0x0000003736e00000) (1024K)]
  0x0000017e1b89b9b0 ConcurrentGCThread "G1 Service"                [id=8900, stack(0x0000003736e00000,0x0000003736f00000) (1024K)]
Total: 21

Threads with active compile tasks:
C2 CompilerThread0  5645680 14453   !   4       org.springframework.web.servlet.mvc.method.annotation.AbstractMessageConverterMethodProcessor::writeWithMessageConverters (1017 bytes)
C2 CompilerThread1  5645680 14468       4       org.springframework.web.accept.ContentNegotiationManager::resolveMediaTypes (61 bytes)
Total: 2

VM state: not at safepoint (normal execution)

VM Mutex/Monitor currently owned by a thread: None

Heap address: 0x000000008c000000, size: 1856 MB, Compressed Oops mode: 32-bit

CDS archive(s) mapped at: [0x0000017e1d000000-0x0000017e1dd70000-0x0000017e1dd70000), size 14090240, SharedBaseAddress: 0x0000017e1d000000, ArchiveRelocationMode: 1.
Compressed class space mapped at: 0x0000017e1e000000-0x0000017e5e000000, reserved size: 1073741824
Narrow klass base: 0x0000017e1d000000, Narrow klass shift: 0, Narrow klass range: 0x41000000

GC Precious Log:
 CardTable entry size: 512
 Card Set container configuration: InlinePtr #cards 5 size 8 Array Of Cards #cards 10 size 36 Howl #buckets 4 coarsen threshold 1843 Howl Bitmap #cards 512 size 80 coarsen threshold 460 Card regions per heap region 1 cards per card region 2048
 CPUs: 16 total, 16 available
 Memory: 7421M
 Large Page Support: Disabled
 NUMA Support: Disabled
 Compressed Oops: Enabled (32-bit)
 Heap Region Size: 1M
 Heap Min Capacity: 8M
 Heap Initial Capacity: 116M
 Heap Max Capacity: 1856M
 Pre-touch: Disabled
 Parallel Workers: 13
 Concurrent Workers: 3
 Concurrent Refinement Workers: 13
 Periodic GC: Disabled

Heap:
 garbage-first heap   total reserved 1900544K, committed 126976K, used 51202K [0x000000008c000000, 0x0000000100000000)
  region size 1024K, 16 young (16384K), 1 survivors (1024K)
 Metaspace       used 87216K, committed 87936K, reserved 1179648K
  class space    used 11767K, committed 12160K, reserved 1048576K

Heap Regions: E=young(eden), S=young(survivor), O=old, HS=humongous(starts), HC=humongous(continues), CS=collection set, F=free, TAMS=top-at-mark-start, PB=parsable bottom
|   0|0x000000008c000000, 0x000000008c100000, 0x000000008c100000|100%|HS|  |TAMS 0x000000008c000000| PB 0x000000008c000000| Complete |  0
|   1|0x000000008c100000, 0x000000008c200000, 0x000000008c200000|100%|HS|  |TAMS 0x000000008c100000| PB 0x000000008c100000| Complete |  0
|   2|0x000000008c200000, 0x000000008c300000, 0x000000008c300000|100%| O|  |TAMS 0x000000008c200000| PB 0x000000008c200000| Untracked |  0
|   3|0x000000008c300000, 0x000000008c400000, 0x000000008c400000|100%| O|  |TAMS 0x000000008c300000| PB 0x000000008c300000| Untracked |  0
|   4|0x000000008c400000, 0x000000008c500000, 0x000000008c500000|100%| O|  |TAMS 0x000000008c400000| PB 0x000000008c400000| Untracked |  0
|   5|0x000000008c500000, 0x000000008c600000, 0x000000008c600000|100%| O|  |TAMS 0x000000008c500000| PB 0x000000008c500000| Untracked |  0
|   6|0x000000008c600000, 0x000000008c700000, 0x000000008c700000|100%| O|  |TAMS 0x000000008c600000| PB 0x000000008c600000| Untracked |  0
|   7|0x000000008c700000, 0x000000008c800000, 0x000000008c800000|100%| O|  |TAMS 0x000000008c700000| PB 0x000000008c700000| Untracked |  0
|   8|0x000000008c800000, 0x000000008c900000, 0x000000008c900000|100%| O|  |TAMS 0x000000008c800000| PB 0x000000008c800000| Untracked |  0
|   9|0x000000008c900000, 0x000000008ca00000, 0x000000008ca00000|100%| O|  |TAMS 0x000000008c900000| PB 0x000000008c900000| Untracked |  0
|  10|0x000000008ca00000, 0x000000008cb00000, 0x000000008cb00000|100%| O|  |TAMS 0x000000008ca00000| PB 0x000000008ca00000| Untracked |  0
|  11|0x000000008cb00000, 0x000000008cc00000, 0x000000008cc00000|100%| O|  |TAMS 0x000000008cb00000| PB 0x000000008cb00000| Untracked |  0
|  12|0x000000008cc00000, 0x000000008cd00000, 0x000000008cd00000|100%| O|  |TAMS 0x000000008cc00000| PB 0x000000008cc00000| Untracked |  0
|  13|0x000000008cd00000, 0x000000008ce00000, 0x000000008ce00000|100%| O|  |TAMS 0x000000008cd00000| PB 0x000000008cd00000| Untracked |  0
|  14|0x000000008ce00000, 0x000000008cf00000, 0x000000008cf00000|100%| O|  |TAMS 0x000000008ce00000| PB 0x000000008ce00000| Untracked |  0
|  15|0x000000008cf00000, 0x000000008d000000, 0x000000008d000000|100%| O|  |TAMS 0x000000008cf00000| PB 0x000000008cf00000| Untracked |  0
|  16|0x000000008d000000, 0x000000008d100000, 0x000000008d100000|100%| O|  |TAMS 0x000000008d000000| PB 0x000000008d000000| Untracked |  0
|  17|0x000000008d100000, 0x000000008d200000, 0x000000008d200000|100%| O|  |TAMS 0x000000008d100000| PB 0x000000008d100000| Untracked |  0
|  18|0x000000008d200000, 0x000000008d300000, 0x000000008d300000|100%| O|  |TAMS 0x000000008d200000| PB 0x000000008d200000| Untracked |  0
|  19|0x000000008d300000, 0x000000008d400000, 0x000000008d400000|100%| O|  |TAMS 0x000000008d300000| PB 0x000000008d300000| Untracked |  0
|  20|0x000000008d400000, 0x000000008d500000, 0x000000008d500000|100%| O|  |TAMS 0x000000008d400000| PB 0x000000008d400000| Untracked |  0
|  21|0x000000008d500000, 0x000000008d600000, 0x000000008d600000|100%| O|  |TAMS 0x000000008d500000| PB 0x000000008d500000| Untracked |  0
|  22|0x000000008d600000, 0x000000008d657f20, 0x000000008d700000| 34%| O|  |TAMS 0x000000008d600000| PB 0x000000008d600000| Untracked |  0
|  23|0x000000008d700000, 0x000000008d800000, 0x000000008d800000|100%| O|Cm|TAMS 0x000000008d700000| PB 0x000000008d700000| Complete |  0
|  24|0x000000008d800000, 0x000000008d900000, 0x000000008d900000|100%| O|  |TAMS 0x000000008d800000| PB 0x000000008d800000| Untracked |  0
|  25|0x000000008d900000, 0x000000008da00000, 0x000000008da00000|100%| O|  |TAMS 0x000000008d900000| PB 0x000000008d900000| Untracked |  0
|  26|0x000000008da00000, 0x000000008db00000, 0x000000008db00000|100%| O|  |TAMS 0x000000008da00000| PB 0x000000008da00000| Untracked |  0
|  27|0x000000008db00000, 0x000000008dc00000, 0x000000008dc00000|100%| O|  |TAMS 0x000000008db00000| PB 0x000000008db00000| Untracked |  0
|  28|0x000000008dc00000, 0x000000008dd00000, 0x000000008dd00000|100%| O|  |TAMS 0x000000008dc00000| PB 0x000000008dc00000| Untracked |  0
|  29|0x000000008dd00000, 0x000000008de00000, 0x000000008de00000|100%| O|  |TAMS 0x000000008dd00000| PB 0x000000008dd00000| Untracked |  0
|  30|0x000000008de00000, 0x000000008de00000, 0x000000008df00000|  0%| F|  |TAMS 0x000000008de00000| PB 0x000000008de00000| Untracked |  0
|  31|0x000000008df00000, 0x000000008df85ac8, 0x000000008e000000| 52%| O|Cm|TAMS 0x000000008df00000| PB 0x000000008df00000| Complete |  0
|  32|0x000000008e000000, 0x000000008e100000, 0x000000008e100000|100%| O|  |TAMS 0x000000008e000000| PB 0x000000008e000000| Untracked |  0
|  33|0x000000008e100000, 0x000000008e100000, 0x000000008e200000|  0%| F|  |TAMS 0x000000008e100000| PB 0x000000008e100000| Untracked |  0
|  34|0x000000008e200000, 0x000000008e200000, 0x000000008e300000|  0%| F|  |TAMS 0x000000008e200000| PB 0x000000008e200000| Untracked |  0
|  35|0x000000008e300000, 0x000000008e300000, 0x000000008e400000|  0%| F|  |TAMS 0x000000008e300000| PB 0x000000008e300000| Untracked |  0
|  36|0x000000008e400000, 0x000000008e400000, 0x000000008e500000|  0%| F|  |TAMS 0x000000008e400000| PB 0x000000008e400000| Untracked |  0
|  37|0x000000008e500000, 0x000000008e500000, 0x000000008e600000|  0%| F|  |TAMS 0x000000008e500000| PB 0x000000008e500000| Untracked |  0
|  38|0x000000008e600000, 0x000000008e600000, 0x000000008e700000|  0%| F|  |TAMS 0x000000008e600000| PB 0x000000008e600000| Untracked |  0
|  39|0x000000008e700000, 0x000000008e700000, 0x000000008e800000|  0%| F|  |TAMS 0x000000008e700000| PB 0x000000008e700000| Untracked |  0
|  40|0x000000008e800000, 0x000000008e800000, 0x000000008e900000|  0%| F|  |TAMS 0x000000008e800000| PB 0x000000008e800000| Untracked |  0
|  41|0x000000008e900000, 0x000000008ea00000, 0x000000008ea00000|100%| O|  |TAMS 0x000000008e900000| PB 0x000000008e900000| Untracked |  0
|  42|0x000000008ea00000, 0x000000008ea00000, 0x000000008eb00000|  0%| F|  |TAMS 0x000000008ea00000| PB 0x000000008ea00000| Untracked |  0
|  43|0x000000008eb00000, 0x000000008eb00000, 0x000000008ec00000|  0%| F|  |TAMS 0x000000008eb00000| PB 0x000000008eb00000| Untracked |  0
|  44|0x000000008ec00000, 0x000000008ec00000, 0x000000008ed00000|  0%| F|  |TAMS 0x000000008ec00000| PB 0x000000008ec00000| Untracked |  0
|  45|0x000000008ed00000, 0x000000008ed00000, 0x000000008ee00000|  0%| F|  |TAMS 0x000000008ed00000| PB 0x000000008ed00000| Untracked |  0
|  46|0x000000008ee00000, 0x000000008ef00000, 0x000000008ef00000|100%| O|  |TAMS 0x000000008ee00000| PB 0x000000008ee00000| Untracked |  0
|  47|0x000000008ef00000, 0x000000008ef22ed0, 0x000000008f000000| 13%| S|CS|TAMS 0x000000008ef00000| PB 0x000000008ef00000| Complete |  0
|  48|0x000000008f000000, 0x000000008f000000, 0x000000008f100000|  0%| F|  |TAMS 0x000000008f000000| PB 0x000000008f000000| Untracked |  0
|  49|0x000000008f100000, 0x000000008f100000, 0x000000008f200000|  0%| F|  |TAMS 0x000000008f100000| PB 0x000000008f100000| Untracked |  0
|  50|0x000000008f200000, 0x000000008f200000, 0x000000008f300000|  0%| F|  |TAMS 0x000000008f200000| PB 0x000000008f200000| Untracked |  0
|  51|0x000000008f300000, 0x000000008f300000, 0x000000008f400000|  0%| F|  |TAMS 0x000000008f300000| PB 0x000000008f300000| Untracked |  0
|  52|0x000000008f400000, 0x000000008f400000, 0x000000008f500000|  0%| F|  |TAMS 0x000000008f400000| PB 0x000000008f400000| Untracked |  0
|  53|0x000000008f500000, 0x000000008f500000, 0x000000008f600000|  0%| F|  |TAMS 0x000000008f500000| PB 0x000000008f500000| Untracked |  0
|  54|0x000000008f600000, 0x000000008f600000, 0x000000008f700000|  0%| F|  |TAMS 0x000000008f600000| PB 0x000000008f600000| Untracked |  0
|  55|0x000000008f700000, 0x000000008f700000, 0x000000008f800000|  0%| F|  |TAMS 0x000000008f700000| PB 0x000000008f700000| Untracked |  0
|  56|0x000000008f800000, 0x000000008f800000, 0x000000008f900000|  0%| F|  |TAMS 0x000000008f800000| PB 0x000000008f800000| Untracked |  0
|  57|0x000000008f900000, 0x000000008f900000, 0x000000008fa00000|  0%| F|  |TAMS 0x000000008f900000| PB 0x000000008f900000| Untracked |  0
|  58|0x000000008fa00000, 0x000000008fa00000, 0x000000008fb00000|  0%| F|  |TAMS 0x000000008fa00000| PB 0x000000008fa00000| Untracked |  0
|  59|0x000000008fb00000, 0x000000008fb00000, 0x000000008fc00000|  0%| F|  |TAMS 0x000000008fb00000| PB 0x000000008fb00000| Untracked |  0
|  60|0x000000008fc00000, 0x000000008fc00000, 0x000000008fd00000|  0%| F|  |TAMS 0x000000008fc00000| PB 0x000000008fc00000| Untracked |  0
|  61|0x000000008fd00000, 0x000000008fd00000, 0x000000008fe00000|  0%| F|  |TAMS 0x000000008fd00000| PB 0x000000008fd00000| Untracked |  0
|  62|0x000000008fe00000, 0x000000008fe00000, 0x000000008ff00000|  0%| F|  |TAMS 0x000000008fe00000| PB 0x000000008fe00000| Untracked |  0
|  63|0x000000008ff00000, 0x000000008ff00000, 0x0000000090000000|  0%| F|  |TAMS 0x000000008ff00000| PB 0x000000008ff00000| Untracked |  0
|  64|0x0000000090000000, 0x0000000090000000, 0x0000000090100000|  0%| F|  |TAMS 0x0000000090000000| PB 0x0000000090000000| Untracked |  0
|  65|0x0000000090100000, 0x0000000090100000, 0x0000000090200000|  0%| F|  |TAMS 0x0000000090100000| PB 0x0000000090100000| Untracked |  0
|  66|0x0000000090200000, 0x0000000090200000, 0x0000000090300000|  0%| F|  |TAMS 0x0000000090200000| PB 0x0000000090200000| Untracked |  0
|  67|0x0000000090300000, 0x0000000090300000, 0x0000000090400000|  0%| F|  |TAMS 0x0000000090300000| PB 0x0000000090300000| Untracked |  0
|  68|0x0000000090400000, 0x0000000090400000, 0x0000000090500000|  0%| F|  |TAMS 0x0000000090400000| PB 0x0000000090400000| Untracked |  0
|  69|0x0000000090500000, 0x0000000090500000, 0x0000000090600000|  0%| F|  |TAMS 0x0000000090500000| PB 0x0000000090500000| Untracked |  0
|  70|0x0000000090600000, 0x0000000090600000, 0x0000000090700000|  0%| F|  |TAMS 0x0000000090600000| PB 0x0000000090600000| Untracked |  0
|  71|0x0000000090700000, 0x0000000090700000, 0x0000000090800000|  0%| F|  |TAMS 0x0000000090700000| PB 0x0000000090700000| Untracked |  0
|  72|0x0000000090800000, 0x0000000090800000, 0x0000000090900000|  0%| F|  |TAMS 0x0000000090800000| PB 0x0000000090800000| Untracked |  0
|  73|0x0000000090900000, 0x0000000090900000, 0x0000000090a00000|  0%| F|  |TAMS 0x0000000090900000| PB 0x0000000090900000| Untracked |  0
|  74|0x0000000090a00000, 0x0000000090a00000, 0x0000000090b00000|  0%| F|  |TAMS 0x0000000090a00000| PB 0x0000000090a00000| Untracked |  0
|  75|0x0000000090b00000, 0x0000000090b00000, 0x0000000090c00000|  0%| F|  |TAMS 0x0000000090b00000| PB 0x0000000090b00000| Untracked |  0
|  76|0x0000000090c00000, 0x0000000090c00000, 0x0000000090d00000|  0%| F|  |TAMS 0x0000000090c00000| PB 0x0000000090c00000| Untracked |  0
|  77|0x0000000090d00000, 0x0000000090d00000, 0x0000000090e00000|  0%| F|  |TAMS 0x0000000090d00000| PB 0x0000000090d00000| Untracked |  0
|  78|0x0000000090e00000, 0x0000000090e00000, 0x0000000090f00000|  0%| F|  |TAMS 0x0000000090e00000| PB 0x0000000090e00000| Untracked |  0
|  79|0x0000000090f00000, 0x0000000090f00000, 0x0000000091000000|  0%| F|  |TAMS 0x0000000090f00000| PB 0x0000000090f00000| Untracked |  0
|  80|0x0000000091000000, 0x0000000091000000, 0x0000000091100000|  0%| F|  |TAMS 0x0000000091000000| PB 0x0000000091000000| Untracked |  0
|  81|0x0000000091100000, 0x0000000091100000, 0x0000000091200000|  0%| F|  |TAMS 0x0000000091100000| PB 0x0000000091100000| Untracked |  0
|  82|0x0000000091200000, 0x0000000091200000, 0x0000000091300000|  0%| F|  |TAMS 0x0000000091200000| PB 0x0000000091200000| Untracked |  0
|  83|0x0000000091300000, 0x0000000091300000, 0x0000000091400000|  0%| F|  |TAMS 0x0000000091300000| PB 0x0000000091300000| Untracked |  0
|  84|0x0000000091400000, 0x0000000091400000, 0x0000000091500000|  0%| F|  |TAMS 0x0000000091400000| PB 0x0000000091400000| Untracked |  0
|  85|0x0000000091500000, 0x0000000091500000, 0x0000000091600000|  0%| F|  |TAMS 0x0000000091500000| PB 0x0000000091500000| Untracked |  0
|  86|0x0000000091600000, 0x0000000091600000, 0x0000000091700000|  0%| F|  |TAMS 0x0000000091600000| PB 0x0000000091600000| Untracked |  0
|  87|0x0000000091700000, 0x0000000091700000, 0x0000000091800000|  0%| F|  |TAMS 0x0000000091700000| PB 0x0000000091700000| Untracked |  0
|  88|0x0000000091800000, 0x0000000091800000, 0x0000000091900000|  0%| F|  |TAMS 0x0000000091800000| PB 0x0000000091800000| Untracked |  0
|  89|0x0000000091900000, 0x0000000091900000, 0x0000000091a00000|  0%| F|  |TAMS 0x0000000091900000| PB 0x0000000091900000| Untracked |  0
|  90|0x0000000091a00000, 0x0000000091a00000, 0x0000000091b00000|  0%| F|  |TAMS 0x0000000091a00000| PB 0x0000000091a00000| Untracked |  0
|  91|0x0000000091b00000, 0x0000000091b00000, 0x0000000091c00000|  0%| F|  |TAMS 0x0000000091b00000| PB 0x0000000091b00000| Untracked |  0
|  92|0x0000000091c00000, 0x0000000091c00000, 0x0000000091d00000|  0%| F|  |TAMS 0x0000000091c00000| PB 0x0000000091c00000| Untracked |  0
|  93|0x0000000091d00000, 0x0000000091d00000, 0x0000000091e00000|  0%| F|  |TAMS 0x0000000091d00000| PB 0x0000000091d00000| Untracked |  0
|  94|0x0000000091e00000, 0x0000000091e00000, 0x0000000091f00000|  0%| F|  |TAMS 0x0000000091e00000| PB 0x0000000091e00000| Untracked |  0
|  95|0x0000000091f00000, 0x0000000091f00000, 0x0000000092000000|  0%| F|  |TAMS 0x0000000091f00000| PB 0x0000000091f00000| Untracked |  0
|  96|0x0000000092000000, 0x0000000092000000, 0x0000000092100000|  0%| F|  |TAMS 0x0000000092000000| PB 0x0000000092000000| Untracked |  0
|  97|0x0000000092100000, 0x0000000092100000, 0x0000000092200000|  0%| F|  |TAMS 0x0000000092100000| PB 0x0000000092100000| Untracked |  0
|  98|0x0000000092200000, 0x0000000092200000, 0x0000000092300000|  0%| F|  |TAMS 0x0000000092200000| PB 0x0000000092200000| Untracked |  0
|  99|0x0000000092300000, 0x0000000092300000, 0x0000000092400000|  0%| F|  |TAMS 0x0000000092300000| PB 0x0000000092300000| Untracked |  0
| 100|0x0000000092400000, 0x0000000092400000, 0x0000000092500000|  0%| F|  |TAMS 0x0000000092400000| PB 0x0000000092400000| Untracked |  0
| 101|0x0000000092500000, 0x0000000092500000, 0x0000000092600000|  0%| F|  |TAMS 0x0000000092500000| PB 0x0000000092500000| Untracked |  0
| 102|0x0000000092600000, 0x0000000092600000, 0x0000000092700000|  0%| F|  |TAMS 0x0000000092600000| PB 0x0000000092600000| Untracked |  0
| 103|0x0000000092700000, 0x0000000092700000, 0x0000000092800000|  0%| F|  |TAMS 0x0000000092700000| PB 0x0000000092700000| Untracked |  0
| 104|0x0000000092800000, 0x0000000092800000, 0x0000000092900000|  0%| F|  |TAMS 0x0000000092800000| PB 0x0000000092800000| Untracked |  0
| 105|0x0000000092900000, 0x0000000092900000, 0x0000000092a00000|  0%| F|  |TAMS 0x0000000092900000| PB 0x0000000092900000| Untracked |  0
| 106|0x0000000092a00000, 0x0000000092a90b78, 0x0000000092b00000| 56%| E|  |TAMS 0x0000000092a00000| PB 0x0000000092a00000| Complete |  0
| 107|0x0000000092b00000, 0x0000000092c00000, 0x0000000092c00000|100%| E|CS|TAMS 0x0000000092b00000| PB 0x0000000092b00000| Complete |  0
| 108|0x0000000092c00000, 0x0000000092d00000, 0x0000000092d00000|100%| E|CS|TAMS 0x0000000092c00000| PB 0x0000000092c00000| Complete |  0
| 109|0x0000000092d00000, 0x0000000092e00000, 0x0000000092e00000|100%| E|CS|TAMS 0x0000000092d00000| PB 0x0000000092d00000| Complete |  0
| 110|0x0000000092e00000, 0x0000000092f00000, 0x0000000092f00000|100%| E|CS|TAMS 0x0000000092e00000| PB 0x0000000092e00000| Complete |  1
| 111|0x0000000092f00000, 0x0000000093000000, 0x0000000093000000|100%| E|CS|TAMS 0x0000000092f00000| PB 0x0000000092f00000| Complete |  0
| 112|0x0000000093000000, 0x0000000093100000, 0x0000000093100000|100%| E|CS|TAMS 0x0000000093000000| PB 0x0000000093000000| Complete |  0
| 113|0x0000000093100000, 0x0000000093200000, 0x0000000093200000|100%| E|CS|TAMS 0x0000000093100000| PB 0x0000000093100000| Complete |  0
| 115|0x0000000093300000, 0x0000000093400000, 0x0000000093400000|100%| E|CS|TAMS 0x0000000093300000| PB 0x0000000093300000| Complete |  0
|1847|0x00000000ff700000, 0x00000000ff800000, 0x00000000ff800000|100%| E|CS|TAMS 0x00000000ff700000| PB 0x00000000ff700000| Complete |  0
|1848|0x00000000ff800000, 0x00000000ff900000, 0x00000000ff900000|100%| E|CS|TAMS 0x00000000ff800000| PB 0x00000000ff800000| Complete |  0
|1849|0x00000000ff900000, 0x00000000ffa00000, 0x00000000ffa00000|100%| E|CS|TAMS 0x00000000ff900000| PB 0x00000000ff900000| Complete |  0
|1850|0x00000000ffa00000, 0x00000000ffb00000, 0x00000000ffb00000|100%| E|CS|TAMS 0x00000000ffa00000| PB 0x00000000ffa00000| Complete |  0
|1851|0x00000000ffb00000, 0x00000000ffc00000, 0x00000000ffc00000|100%| O|  |TAMS 0x00000000ffb00000| PB 0x00000000ffb00000| Untracked |  0
|1852|0x00000000ffc00000, 0x00000000ffd00000, 0x00000000ffd00000|100%| E|CS|TAMS 0x00000000ffc00000| PB 0x00000000ffc00000| Complete |  0
|1853|0x00000000ffd00000, 0x00000000ffe00000, 0x00000000ffe00000|100%| O|  |TAMS 0x00000000ffd00000| PB 0x00000000ffd00000| Untracked |  0
|1854|0x00000000ffe00000, 0x00000000fff00000, 0x00000000fff00000|100%| O|  |TAMS 0x00000000ffe00000| PB 0x00000000ffe00000| Untracked |  0
|1855|0x00000000fff00000, 0x0000000100000000, 0x0000000100000000|100%| E|CS|TAMS 0x00000000fff00000| PB 0x00000000fff00000| Complete |  0

Card table byte_map: [0x0000017e17670000,0x0000017e17a10000] _byte_map_base: 0x0000017e17210000

Marking Bits: (CMBitMap*) 0x0000017e7f031ba0
 Bits: [0x0000017e17a10000, 0x0000017e19710000)

Polling page: 0x0000017e7ce50000

Metaspace:

Usage:
  Non-class:     73.68 MB used.
      Class:     11.49 MB used.
       Both:     85.17 MB used.

Virtual space:
  Non-class space:      128.00 MB reserved,      74.00 MB ( 58%) committed,  2 nodes.
      Class space:        1.00 GB reserved,      11.88 MB (  1%) committed,  1 nodes.
             Both:        1.12 GB reserved,      85.88 MB (  7%) committed. 

Chunk freelists:
   Non-Class:  5.80 MB
       Class:  4.21 MB
        Both:  10.01 MB

MaxMetaspaceSize: unlimited
CompressedClassSpaceSize: 1.00 GB
Initial GC threshold: 21.00 MB
Current GC threshold: 143.12 MB
CDS: on
 - commit_granule_bytes: 65536.
 - commit_granule_words: 8192.
 - virtual_space_node_default_size: 8388608.
 - enlarge_chunks_in_place: 1.
 - use_allocation_guard: 0.


Internal statistics:

num_allocs_failed_limit: 9.
num_arena_births: 1092.
num_arena_deaths: 388.
num_vsnodes_births: 3.
num_vsnodes_deaths: 0.
num_space_committed: 1373.
num_space_uncommitted: 0.
num_chunks_returned_to_freelist: 467.
num_chunks_taken_from_freelist: 4336.
num_chunk_merges: 120.
num_chunk_splits: 2966.
num_chunks_enlarged: 2296.
num_inconsistent_stats: 0.

CodeHeap 'non-profiled nmethods': size=119232Kb used=4016Kb max_used=5029Kb free=115215Kb
 bounds [0x0000017e10200000, 0x0000017e106f0000, 0x0000017e17670000]
CodeHeap 'profiled nmethods': size=119104Kb used=4621Kb max_used=14040Kb free=114482Kb
 bounds [0x0000017e08670000, 0x0000017e09430000, 0x0000017e0fac0000]
CodeHeap 'non-nmethods': size=7424Kb used=1775Kb max_used=3523Kb free=5648Kb
 bounds [0x0000017e0fac0000, 0x0000017e0fe40000, 0x0000017e10200000]
CodeCache: size=245760Kb, used=10412Kb, max_used=22592Kb, free=235345Kb
 total_blobs=3790, nmethods=2986, adapters=708, full_count=0
Compilation: enabled, stopped_count=0, restarted_count=0

Compilation events (20 events):
Event: 5640.611 Thread 0x0000017e1ba04320 nmethod 14443 0x0000017e1025ff88 code [0x0000017e102600c0, 0x0000017e102606d0]
Event: 5641.957 Thread 0x0000017e1ba04320 14444       4       java.util.Collections::list (33 bytes)
Event: 5642.001 Thread 0x0000017e1ba04320 nmethod 14444 0x0000017e1038b908 code [0x0000017e1038bc20, 0x0000017e1038da20]
Event: 5642.190 Thread 0x0000017e1ba04320 14445       4       java.util.TreeMap$EntrySet::iterator (19 bytes)
Event: 5642.195 Thread 0x0000017e1ba04320 nmethod 14445 0x0000017e102d5708 code [0x0000017e102d5820, 0x0000017e102d5b40]
Event: 5642.196 Thread 0x0000017e1ba04320 14446       4       java.util.TreeMap::entrySet (27 bytes)
Event: 5642.198 Thread 0x0000017e1ba04320 nmethod 14446 0x0000017e103aef88 code [0x0000017e103af0a0, 0x0000017e103af268]
Event: 5642.284 Thread 0x0000017e1ba04320 14447       4       java.util.concurrent.ConcurrentHashMap::size (31 bytes)
Event: 5642.285 Thread 0x0000017e1ba04320 nmethod 14447 0x0000017e1022f608 code [0x0000017e1022f700, 0x0000017e1022f870]
Event: 5642.353 Thread 0x0000017e1ba04320 14448   !   4       java.nio.channels.spi.AbstractSelectableChannel::isRegistered (27 bytes)
Event: 5642.354 Thread 0x0000017e1ba04320 nmethod 14448 0x0000017e103ba388 code [0x0000017e103ba480, 0x0000017e103ba6b8]
Event: 5644.148 Thread 0x0000017e1ba04320 14449       4       java.lang.StringLatin1::hashCode (9 bytes)
Event: 5644.150 Thread 0x0000017e1ba04320 nmethod 14449 0x0000017e103af708 code [0x0000017e103af840, 0x0000017e103afad8]
Event: 5644.330 Thread 0x0000017e1ba04320 14450       4       ch.qos.logback.core.pattern.SpacePadder::spacePad (53 bytes)
Event: 5644.336 Thread 0x0000017e1ba04320 nmethod 14450 0x0000017e1032a388 code [0x0000017e1032a4e0, 0x0000017e1032a9c8]
Event: 5644.356 Thread 0x0000017e1ba04320 14451       4       org.apache.tomcat.util.buf.MessageBytes::toBytes (145 bytes)
Event: 5644.365 Thread 0x0000017e1ba04320 nmethod 14451 0x0000017e10271308 code [0x0000017e10271460, 0x0000017e10271c48]
Event: 5644.365 Thread 0x0000017e1ba04320 14452       4       java.util.Calendar::getFieldStrings (128 bytes)
Event: 5644.367 Thread 0x0000017e1ba04320 nmethod 14452 0x0000017e102dcf88 code [0x0000017e102dd0c0, 0x0000017e102dd388]
Event: 5645.205 Thread 0x0000017e1ba04320 14453   !   4       org.springframework.web.servlet.mvc.method.annotation.AbstractMessageConverterMethodProcessor::writeWithMessageConverters (1017 bytes)

GC Heap History (20 events):
Event: 5615.295 GC heap before
{Heap before GC invocations=50 (full 0):
 garbage-first heap   total reserved 1900544K, committed 126976K, used 110176K [0x000000008c000000, 0x0000000100000000)
  region size 1024K, 74 young (75776K), 2 survivors (2048K)
 Metaspace       used 87215K, committed 87936K, reserved 1179648K
  class space    used 11766K, committed 12160K, reserved 1048576K
}
Event: 5615.300 GC heap after
{Heap after GC invocations=51 (full 0):
 garbage-first heap   total reserved 1900544K, committed 126976K, used 37494K [0x000000008c000000, 0x0000000100000000)
  region size 1024K, 2 young (2048K), 2 survivors (2048K)
 Metaspace       used 87215K, committed 87936K, reserved 1179648K
  class space    used 11766K, committed 12160K, reserved 1048576K
}
Event: 5619.161 GC heap before
{Heap before GC invocations=51 (full 0):
 garbage-first heap   total reserved 1900544K, committed 126976K, used 111222K [0x000000008c000000, 0x0000000100000000)
  region size 1024K, 74 young (75776K), 2 survivors (2048K)
 Metaspace       used 87216K, committed 87936K, reserved 1179648K
  class space    used 11767K, committed 12160K, reserved 1048576K
}
Event: 5619.169 GC heap after
{Heap after GC invocations=52 (full 0):
 garbage-first heap   total reserved 1900544K, committed 126976K, used 36991K [0x000000008c000000, 0x0000000100000000)
  region size 1024K, 2 young (2048K), 2 survivors (2048K)
 Metaspace       used 87216K, committed 87936K, reserved 1179648K
  class space    used 11767K, committed 12160K, reserved 1048576K
}
Event: 5622.881 GC heap before
{Heap before GC invocations=52 (full 0):
 garbage-first heap   total reserved 1900544K, committed 126976K, used 109695K [0x000000008c000000, 0x0000000100000000)
  region size 1024K, 74 young (75776K), 2 survivors (2048K)
 Metaspace       used 87216K, committed 87936K, reserved 1179648K
  class space    used 11767K, committed 12160K, reserved 1048576K
}
Event: 5622.884 GC heap after
{Heap after GC invocations=53 (full 0):
 garbage-first heap   total reserved 1900544K, committed 126976K, used 37148K [0x000000008c000000, 0x0000000100000000)
  region size 1024K, 2 young (2048K), 2 survivors (2048K)
 Metaspace       used 87216K, committed 87936K, reserved 1179648K
  class space    used 11767K, committed 12160K, reserved 1048576K
}
Event: 5626.084 GC heap before
{Heap before GC invocations=54 (full 0):
 garbage-first heap   total reserved 1900544K, committed 126976K, used 109852K [0x000000008c000000, 0x0000000100000000)
  region size 1024K, 74 young (75776K), 2 survivors (2048K)
 Metaspace       used 87216K, committed 87936K, reserved 1179648K
  class space    used 11767K, committed 12160K, reserved 1048576K
}
Event: 5626.086 GC heap after
{Heap after GC invocations=55 (full 0):
 garbage-first heap   total reserved 1900544K, committed 126976K, used 37186K [0x000000008c000000, 0x0000000100000000)
  region size 1024K, 2 young (2048K), 2 survivors (2048K)
 Metaspace       used 87216K, committed 87936K, reserved 1179648K
  class space    used 11767K, committed 12160K, reserved 1048576K
}
Event: 5629.020 GC heap before
{Heap before GC invocations=55 (full 0):
 garbage-first heap   total reserved 1900544K, committed 126976K, used 109890K [0x000000008c000000, 0x0000000100000000)
  region size 1024K, 74 young (75776K), 2 survivors (2048K)
 Metaspace       used 87216K, committed 87936K, reserved 1179648K
  class space    used 11767K, committed 12160K, reserved 1048576K
}
Event: 5629.025 GC heap after
{Heap after GC invocations=56 (full 0):
 garbage-first heap   total reserved 1900544K, committed 126976K, used 37004K [0x000000008c000000, 0x0000000100000000)
  region size 1024K, 2 young (2048K), 2 survivors (2048K)
 Metaspace       used 87216K, committed 87936K, reserved 1179648K
  class space    used 11767K, committed 12160K, reserved 1048576K
}
Event: 5632.147 GC heap before
{Heap before GC invocations=56 (full 0):
 garbage-first heap   total reserved 1900544K, committed 126976K, used 109708K [0x000000008c000000, 0x0000000100000000)
  region size 1024K, 74 young (75776K), 2 survivors (2048K)
 Metaspace       used 87216K, committed 87936K, reserved 1179648K
  class space    used 11767K, committed 12160K, reserved 1048576K
}
Event: 5632.149 GC heap after
{Heap after GC invocations=57 (full 0):
 garbage-first heap   total reserved 1900544K, committed 126976K, used 37003K [0x000000008c000000, 0x0000000100000000)
  region size 1024K, 2 young (2048K), 2 survivors (2048K)
 Metaspace       used 87216K, committed 87936K, reserved 1179648K
  class space    used 11767K, committed 12160K, reserved 1048576K
}
Event: 5636.055 GC heap before
{Heap before GC invocations=58 (full 0):
 garbage-first heap   total reserved 1900544K, committed 126976K, used 109707K [0x000000008c000000, 0x0000000100000000)
  region size 1024K, 74 young (75776K), 2 survivors (2048K)
 Metaspace       used 87216K, committed 87936K, reserved 1179648K
  class space    used 11767K, committed 12160K, reserved 1048576K
}
Event: 5636.057 GC heap after
{Heap after GC invocations=59 (full 0):
 garbage-first heap   total reserved 1900544K, committed 126976K, used 36990K [0x000000008c000000, 0x0000000100000000)
  region size 1024K, 2 young (2048K), 2 survivors (2048K)
 Metaspace       used 87216K, committed 87936K, reserved 1179648K
  class space    used 11767K, committed 12160K, reserved 1048576K
}
Event: 5638.816 GC heap before
{Heap before GC invocations=59 (full 0):
 garbage-first heap   total reserved 1900544K, committed 126976K, used 109694K [0x000000008c000000, 0x0000000100000000)
  region size 1024K, 74 young (75776K), 2 survivors (2048K)
 Metaspace       used 87216K, committed 87936K, reserved 1179648K
  class space    used 11767K, committed 12160K, reserved 1048576K
}
Event: 5639.199 GC heap after
{Heap after GC invocations=60 (full 0):
 garbage-first heap   total reserved 1900544K, committed 126976K, used 36658K [0x000000008c000000, 0x0000000100000000)
  region size 1024K, 1 young (1024K), 1 survivors (1024K)
 Metaspace       used 87216K, committed 87936K, reserved 1179648K
  class space    used 11767K, committed 12160K, reserved 1048576K
}
Event: 5642.033 GC heap before
{Heap before GC invocations=60 (full 0):
 garbage-first heap   total reserved 1900544K, committed 126976K, used 110386K [0x000000008c000000, 0x0000000100000000)
  region size 1024K, 74 young (75776K), 1 survivors (1024K)
 Metaspace       used 87216K, committed 87936K, reserved 1179648K
  class space    used 11767K, committed 12160K, reserved 1048576K
}
Event: 5642.121 GC heap after
{Heap after GC invocations=61 (full 0):
 garbage-first heap   total reserved 1900544K, committed 126976K, used 36811K [0x000000008c000000, 0x0000000100000000)
  region size 1024K, 1 young (1024K), 1 survivors (1024K)
 Metaspace       used 87216K, committed 87936K, reserved 1179648K
  class space    used 11767K, committed 12160K, reserved 1048576K
}
Event: 5645.424 GC heap before
{Heap before GC invocations=62 (full 0):
 garbage-first heap   total reserved 1900544K, committed 126976K, used 110539K [0x000000008c000000, 0x0000000100000000)
  region size 1024K, 74 young (75776K), 1 survivors (1024K)
 Metaspace       used 87216K, committed 87936K, reserved 1179648K
  class space    used 11767K, committed 12160K, reserved 1048576K
}
Event: 5645.425 GC heap after
{Heap after GC invocations=63 (full 0):
 garbage-first heap   total reserved 1900544K, committed 126976K, used 36866K [0x000000008c000000, 0x0000000100000000)
  region size 1024K, 1 young (1024K), 1 survivors (1024K)
 Metaspace       used 87216K, committed 87936K, reserved 1179648K
  class space    used 11767K, committed 12160K, reserved 1048576K
}

Dll operation events (14 events):
Event: 0.021 Loaded shared library C:\Users\Khang\.jdks\openjdk-23.0.1\bin\java.dll
Event: 0.061 Loaded shared library C:\Users\Khang\.jdks\openjdk-23.0.1\bin\jsvml.dll
Event: 0.203 Loaded shared library C:\Users\Khang\.jdks\openjdk-23.0.1\bin\zip.dll
Event: 0.208 Loaded shared library C:\Users\Khang\.jdks\openjdk-23.0.1\bin\instrument.dll
Event: 0.216 Loaded shared library C:\Users\Khang\.jdks\openjdk-23.0.1\bin\net.dll
Event: 0.243 Loaded shared library C:\Users\Khang\.jdks\openjdk-23.0.1\bin\nio.dll
Event: 0.306 Loaded shared library C:\Users\Khang\.jdks\openjdk-23.0.1\bin\zip.dll
Event: 7.917 Loaded shared library C:\Program Files\JetBrains\IntelliJ IDEA Community Edition 2024.3\bin\breakgen64.dll
Event: 7.937 Loaded shared library C:\Users\Khang\.jdks\openjdk-23.0.1\bin\extnet.dll
Event: 7.995 Loaded shared library C:\Users\Khang\.jdks\openjdk-23.0.1\bin\jimage.dll
Event: 8.584 Loaded shared library C:\Users\Khang\.jdks\openjdk-23.0.1\bin\management.dll
Event: 8.587 Loaded shared library C:\Users\Khang\.jdks\openjdk-23.0.1\bin\management_ext.dll
Event: 10.080 Loaded shared library C:\Users\Khang\.jdks\openjdk-23.0.1\bin\sunmscapi.dll
Event: 15.069 Loaded shared library C:\Users\Khang\.jdks\openjdk-23.0.1\bin\verify.dll

Deoptimization events (20 events):
Event: 5607.358 Thread 0x0000017e63a4e150 DEOPT PACKING pc=0x0000017e102d3658 sp=0x000000373b13da50
Event: 5607.359 Thread 0x0000017e63a4e150 DEOPT UNPACKING pc=0x0000017e0fb14402 sp=0x000000373b13da78 mode 2
Event: 5607.657 Thread 0x0000017e63a4e150 Uncommon trap: trap_request=0xffffff45 fr.pc=0x0000017e105a2894 relative=0x0000000000000b74
Event: 5607.657 Thread 0x0000017e63a4e150 Uncommon trap: reason=unstable_if action=reinterpret pc=0x0000017e105a2894 method=ch.qos.logback.classic.spi.PackagingDataCalculator.populateFrames([Lch/qos/logback/classic/spi/StackTraceElementProxy;)V @ 61 c2
Event: 5607.657 Thread 0x0000017e63a4e150 DEOPT PACKING pc=0x0000017e105a2894 sp=0x000000373b13de60
Event: 5607.657 Thread 0x0000017e63a4e150 DEOPT UNPACKING pc=0x0000017e0fb14402 sp=0x000000373b13de08 mode 2
Event: 5623.370 Thread 0x0000017e659d5350 DEOPT PACKING pc=0x0000017e090597de sp=0x000000373b23ef80
Event: 5623.370 Thread 0x0000017e659d5350 DEOPT UNPACKING pc=0x0000017e0fb14b22 sp=0x000000373b23e408 mode 0
Event: 5627.811 Thread 0x0000017e659d87d0 DEOPT PACKING pc=0x0000017e08a61fbc sp=0x000000373b43ee70
Event: 5627.811 Thread 0x0000017e659d87d0 DEOPT UNPACKING pc=0x0000017e0fb14b22 sp=0x000000373b43e328 mode 0
Event: 5638.318 Thread 0x0000017e659d5350 DEOPT PACKING pc=0x0000017e08fbf414 sp=0x000000373b23ef40
Event: 5638.318 Thread 0x0000017e659d5350 DEOPT UNPACKING pc=0x0000017e0fb14b22 sp=0x000000373b23e408 mode 0
Event: 5645.507 Thread 0x0000017e659d5350 Uncommon trap: trap_request=0xffffff9d fr.pc=0x0000017e103e55c4 relative=0x0000000000001f24
Event: 5645.507 Thread 0x0000017e659d5350 Uncommon trap: reason=unreached action=reinterpret pc=0x0000017e103e55c4 method=sun.nio.ch.IOUtil.writeFromNativeBuffer(Ljava/io/FileDescriptor;Ljava/nio/ByteBuffer;JZZILsun/nio/ch/NativeDispatcher;)I @ 142 c2
Event: 5645.507 Thread 0x0000017e659d5350 DEOPT PACKING pc=0x0000017e103e55c4 sp=0x000000373b23e310
Event: 5645.507 Thread 0x0000017e659d5350 DEOPT UNPACKING pc=0x0000017e0fb14402 sp=0x000000373b23e110 mode 2
Event: 5645.507 Thread 0x0000017e659d5350 Uncommon trap: trap_request=0xffffff9d fr.pc=0x0000017e10309f18 relative=0x00000000000011b8
Event: 5645.507 Thread 0x0000017e659d5350 Uncommon trap: reason=unreached action=reinterpret pc=0x0000017e10309f18 method=org.apache.coyote.AbstractProcessor.action(Lorg/apache/coyote/ActionCode;Ljava/lang/Object;)V @ 261 c2
Event: 5645.507 Thread 0x0000017e659d5350 DEOPT PACKING pc=0x0000017e10309f18 sp=0x000000373b23e870
Event: 5645.507 Thread 0x0000017e659d5350 DEOPT UNPACKING pc=0x0000017e0fb14402 sp=0x000000373b23e838 mode 2

Classes loaded (20 events):
Event: 375.915 Loading class java/util/stream/ReduceOps$6ReducingSink
Event: 375.916 Loading class java/util/stream/ReduceOps$6ReducingSink done
Event: 375.916 Loading class java/util/stream/ReferencePipeline$4$1
Event: 375.916 Loading class java/util/stream/ReferencePipeline$4$1 done
Event: 375.931 Loading class java/lang/Throwable$WrappedPrintWriter
Event: 375.931 Loading class java/lang/Throwable$PrintStreamOrWriter
Event: 375.931 Loading class java/lang/Throwable$PrintStreamOrWriter done
Event: 375.931 Loading class java/lang/Throwable$WrappedPrintWriter done
Event: 1773.527 Loading class sun/security/ssl/Alert
Event: 1773.604 Loading class sun/security/ssl/Alert done
Event: 1773.618 Loading class sun/security/ssl/Alert$AlertConsumer
Event: 1773.636 Loading class sun/security/ssl/Alert$AlertConsumer done
Event: 1773.636 Loading class sun/security/ssl/Alert$Level
Event: 1773.641 Loading class sun/security/ssl/Alert$Level done
Event: 1773.659 Loading class sun/net/ConnectionResetException
Event: 1773.662 Loading class sun/net/ConnectionResetException done
Event: 5586.570 Loading class java/util/concurrent/locks/ReentrantReadWriteLock$Sync$HoldCounter
Event: 5586.609 Loading class java/util/concurrent/locks/ReentrantReadWriteLock$Sync$HoldCounter done
Event: 5604.936 Loading class sun/util/locale/LocaleExtensions
Event: 5604.950 Loading class sun/util/locale/LocaleExtensions done

Classes unloaded (20 events):
Event: 2263.065 Thread 0x0000017e1b9d93c0 Unloading class 0x0000017e1e03c000 'java/lang/invoke/LambdaForm$MH+0x0000017e1e03c000'
Event: 2263.065 Thread 0x0000017e1b9d93c0 Unloading class 0x0000017e1e01b800 'java/lang/invoke/LambdaForm$MH+0x0000017e1e01b800'
Event: 2263.065 Thread 0x0000017e1b9d93c0 Unloading class 0x0000017e1e01b000 'java/lang/invoke/LambdaForm$MH+0x0000017e1e01b000'
Event: 2263.065 Thread 0x0000017e1b9d93c0 Unloading class 0x0000017e1e01a800 'java/lang/invoke/LambdaForm$MH+0x0000017e1e01a800'
Event: 2263.066 Thread 0x0000017e1b9d93c0 Unloading class 0x0000017e1e01a400 'java/lang/invoke/LambdaForm$MH+0x0000017e1e01a400'
Event: 2263.066 Thread 0x0000017e1b9d93c0 Unloading class 0x0000017e1e019400 'java/lang/invoke/LambdaForm$MH+0x0000017e1e019400'
Event: 2263.066 Thread 0x0000017e1b9d93c0 Unloading class 0x0000017e1e018800 'java/lang/invoke/LambdaForm$MH+0x0000017e1e018800'
Event: 2263.066 Thread 0x0000017e1b9d93c0 Unloading class 0x0000017e1e018400 'java/lang/invoke/LambdaForm$MH+0x0000017e1e018400'
Event: 2263.066 Thread 0x0000017e1b9d93c0 Unloading class 0x0000017e1e017c00 'java/lang/invoke/LambdaForm$MH+0x0000017e1e017c00'
Event: 2263.066 Thread 0x0000017e1b9d93c0 Unloading class 0x0000017e1e017800 'java/lang/invoke/LambdaForm$MH+0x0000017e1e017800'
Event: 2263.066 Thread 0x0000017e1b9d93c0 Unloading class 0x0000017e1e017400 'java/lang/invoke/LambdaForm$MH+0x0000017e1e017400'
Event: 2263.066 Thread 0x0000017e1b9d93c0 Unloading class 0x0000017e1e016400 'java/lang/invoke/LambdaForm$MH+0x0000017e1e016400'
Event: 2263.067 Thread 0x0000017e1b9d93c0 Unloading class 0x0000017e1e015400 'java/lang/invoke/LambdaForm$MH+0x0000017e1e015400'
Event: 2263.067 Thread 0x0000017e1b9d93c0 Unloading class 0x0000017e1e014c00 'java/lang/invoke/LambdaForm$MH+0x0000017e1e014c00'
Event: 2263.067 Thread 0x0000017e1b9d93c0 Unloading class 0x0000017e1e014400 'java/lang/invoke/LambdaForm$MH+0x0000017e1e014400'
Event: 2263.067 Thread 0x0000017e1b9d93c0 Unloading class 0x0000017e1e014000 'java/lang/invoke/LambdaForm$MH+0x0000017e1e014000'
Event: 2263.067 Thread 0x0000017e1b9d93c0 Unloading class 0x0000017e1e002000 'java/lang/invoke/LambdaForm$MH+0x0000017e1e002000'
Event: 2263.067 Thread 0x0000017e1b9d93c0 Unloading class 0x0000017e1e001c00 'java/lang/invoke/LambdaForm$MH+0x0000017e1e001c00'
Event: 2263.067 Thread 0x0000017e1b9d93c0 Unloading class 0x0000017e1e001800 'java/lang/invoke/LambdaForm$MH+0x0000017e1e001800'
Event: 2263.067 Thread 0x0000017e1b9d93c0 Unloading class 0x0000017e1e001000 'java/lang/invoke/LambdaForm$MH+0x0000017e1e001000'

Classes redefined (0 events):
No events

Internal exceptions (20 events):
Event: 5587.454 Thread 0x0000017e64458940 Implicit null exception at 0x0000017e103adadb to 0x0000017e103adb5c
Event: 5587.469 Thread 0x0000017e644582b0 Implicit null exception at 0x0000017e103761e1 to 0x0000017e103762d5
Event: 5587.469 Thread 0x0000017e64459660 Implicit null exception at 0x0000017e103761e1 to 0x0000017e103762d5
Event: 5587.469 Thread 0x0000017e63a4e150 Implicit null exception at 0x0000017e103761e1 to 0x0000017e103762d5
Event: 5587.469 Thread 0x0000017e659d87d0 Implicit null exception at 0x0000017e103761e1 to 0x0000017e103762d5
Event: 5587.469 Thread 0x0000017e659d5350 Implicit null exception at 0x0000017e103761e1 to 0x0000017e103762d5
Event: 5587.771 Thread 0x0000017e64459660 Implicit null exception at 0x0000017e10372a41 to 0x0000017e103730cc
Event: 5587.792 Thread 0x0000017e64459660 Implicit null exception at 0x0000017e103c7e4d to 0x0000017e103c833c
Event: 5587.805 Thread 0x0000017e64459660 Implicit null exception at 0x0000017e10383ab0 to 0x0000017e10383e08
Event: 5587.805 Thread 0x0000017e659d5350 Implicit null exception at 0x0000017e10383ab0 to 0x0000017e10383e08
Event: 5587.816 Thread 0x0000017e64459660 Implicit null exception at 0x0000017e102ef557 to 0x0000017e102ef5e8
Event: 5587.817 Thread 0x0000017e659d5350 Implicit null exception at 0x0000017e10487cb0 to 0x0000017e10488149
Event: 5587.817 Thread 0x0000017e64459660 Implicit null exception at 0x0000017e10487cb0 to 0x0000017e10488149
Event: 5587.825 Thread 0x0000017e64459660 Implicit null exception at 0x0000017e10571b5f to 0x0000017e105734f4
Event: 5587.838 Thread 0x0000017e659d5350 Implicit null exception at 0x0000017e1058d995 to 0x0000017e1058eb44
Event: 5587.838 Thread 0x0000017e64459660 Implicit null exception at 0x0000017e1058d995 to 0x0000017e1058eb44
Event: 5587.839 Thread 0x0000017e64459660 Implicit null exception at 0x0000017e104e5ef5 to 0x0000017e104e82d4
Event: 5587.841 Thread 0x0000017e64459660 Implicit null exception at 0x0000017e10621550 to 0x0000017e10624f8c
Event: 5587.841 Thread 0x0000017e659d5350 Implicit null exception at 0x0000017e10621550 to 0x0000017e10624f8c
Event: 5645.507 Thread 0x0000017e659d5350 Exception <a 'java/io/IOException'{0x000000009337d6c8}> (0x000000009337d6c8) 
thrown [s\open\src\hotspot\share\prims\jni.cpp, line 520]

VM Operations (20 events):
Event: 5629.020 Executing VM operation: G1CollectForAllocation (G1 Evacuation Pause)
Event: 5629.025 Executing VM operation: G1CollectForAllocation (G1 Evacuation Pause) done
Event: 5632.147 Executing VM operation: G1CollectForAllocation (G1 Evacuation Pause)
Event: 5632.149 Executing VM operation: G1CollectForAllocation (G1 Evacuation Pause) done
Event: 5632.168 Executing VM operation: G1PauseRemark
Event: 5632.189 Executing VM operation: G1PauseRemark done
Event: 5632.195 Executing VM operation: G1PauseCleanup
Event: 5632.195 Executing VM operation: G1PauseCleanup done
Event: 5636.055 Executing VM operation: G1CollectForAllocation (G1 Evacuation Pause)
Event: 5636.057 Executing VM operation: G1CollectForAllocation (G1 Evacuation Pause) done
Event: 5638.816 Executing VM operation: G1CollectForAllocation (G1 Evacuation Pause)
Event: 5639.199 Executing VM operation: G1CollectForAllocation (G1 Evacuation Pause) done
Event: 5642.033 Executing VM operation: G1CollectForAllocation (G1 Evacuation Pause)
Event: 5642.121 Executing VM operation: G1CollectForAllocation (G1 Evacuation Pause) done
Event: 5642.139 Executing VM operation: G1PauseRemark
Event: 5642.143 Executing VM operation: G1PauseRemark done
Event: 5642.150 Executing VM operation: G1PauseCleanup
Event: 5642.150 Executing VM operation: G1PauseCleanup done
Event: 5645.424 Executing VM operation: G1CollectForAllocation (G1 Evacuation Pause)
Event: 5645.425 Executing VM operation: G1CollectForAllocation (G1 Evacuation Pause) done

Memory protections (0 events):
No events

Nmethod flushes (20 events):
Event: 5642.142 Thread 0x0000017e1b9d93c0 flushing  nmethod 0x0000017e08be3608
Event: 5642.142 Thread 0x0000017e1b9d93c0 flushing  nmethod 0x0000017e08ed1288
Event: 5642.142 Thread 0x0000017e1b9d93c0 flushing  nmethod 0x0000017e08ed2f08
Event: 5642.142 Thread 0x0000017e1b9d93c0 flushing  nmethod 0x0000017e08ede088
Event: 5642.142 Thread 0x0000017e1b9d93c0 flushing  nmethod 0x0000017e09041688
Event: 5642.142 Thread 0x0000017e1b9d93c0 flushing  nmethod 0x0000017e09041c88
Event: 5642.142 Thread 0x0000017e1b9d93c0 flushing  nmethod 0x0000017e09142f88
Event: 5642.142 Thread 0x0000017e1b9d93c0 flushing  nmethod 0x0000017e09145208
Event: 5642.142 Thread 0x0000017e1b9d93c0 flushing  nmethod 0x0000017e09158f08
Event: 5642.142 Thread 0x0000017e1b9d93c0 flushing  nmethod 0x0000017e08893488
Event: 5642.142 Thread 0x0000017e1b9d93c0 flushing  nmethod 0x0000017e0889ab08
Event: 5642.142 Thread 0x0000017e1b9d93c0 flushing  nmethod 0x0000017e08b69188
Event: 5642.142 Thread 0x0000017e1b9d93c0 flushing  nmethod 0x0000017e08b75a88
Event: 5642.142 Thread 0x0000017e1b9d93c0 flushing  nmethod 0x0000017e08c93388
Event: 5642.142 Thread 0x0000017e1b9d93c0 flushing  nmethod 0x0000017e08c93a08
Event: 5642.142 Thread 0x0000017e1b9d93c0 flushing  nmethod 0x0000017e08fa8c88
Event: 5642.142 Thread 0x0000017e1b9d93c0 flushing  nmethod 0x0000017e08fcf808
Event: 5642.142 Thread 0x0000017e1b9d93c0 flushing  nmethod 0x0000017e08fcfd08
Event: 5642.142 Thread 0x0000017e1b9d93c0 flushing  nmethod 0x0000017e08fece88
Event: 5642.142 Thread 0x0000017e1b9d93c0 flushing  nmethod 0x0000017e09375588

Events (20 events):
Event: 5596.903 Thread 0x0000017e6658c1b0 Thread exited: 0x0000017e6658c1b0
Event: 5597.008 Thread 0x0000017e650ec770 Thread exited: 0x0000017e650ec770
Event: 5605.706 Thread 0x0000017e1ba04320 Thread added: 0x0000017e6658bae0
Event: 5606.196 Thread 0x0000017e6658bae0 Thread exited: 0x0000017e6658bae0
Event: 5607.793 Thread 0x0000017e1ba04320 Thread added: 0x0000017e6658c1b0
Event: 5608.039 Thread 0x0000017e6658c1b0 Thread exited: 0x0000017e6658c1b0
Event: 5613.768 Thread 0x0000017e1ba04320 Thread added: 0x0000017e6658a670
Event: 5614.821 Thread 0x0000017e6658a670 Thread exited: 0x0000017e6658a670
Event: 5615.593 Thread 0x0000017e1ba04320 Thread added: 0x0000017e6658c1b0
Event: 5617.095 Thread 0x0000017e6658c1b0 Thread exited: 0x0000017e6658c1b0
Event: 5617.995 Thread 0x0000017e1ba04320 Thread added: 0x0000017e6658a670
Event: 5618.341 Thread 0x0000017e6658a670 Thread exited: 0x0000017e6658a670
Event: 5622.344 Thread 0x0000017e1ba04320 Thread added: 0x0000017e6658ea90
Event: 5622.344 Thread 0x0000017e1ba04320 Thread added: 0x0000017e6658b410
Event: 5622.722 Thread 0x0000017e6658b410 Thread exited: 0x0000017e6658b410
Event: 5622.854 Thread 0x0000017e6658ea90 Thread exited: 0x0000017e6658ea90
Event: 5628.113 Thread 0x0000017e1ba04320 Thread added: 0x0000017e6658c1b0
Event: 5628.113 Thread 0x0000017e1ba04320 Thread added: 0x0000017e66588b30
Event: 5628.950 Thread 0x0000017e66588b30 Thread exited: 0x0000017e66588b30
Event: 5631.379 Thread 0x0000017e6658c1b0 Thread exited: 0x0000017e6658c1b0


Dynamic libraries:
0x00007ff75c5e0000 - 0x00007ff75c5ee000 	C:\Users\Khang\.jdks\openjdk-23.0.1\bin\java.exe
0x00007ffc2d5d0000 - 0x00007ffc2d7e7000 	C:\WINDOWS\SYSTEM32\ntdll.dll
0x00007ffc2b4e0000 - 0x00007ffc2b5a4000 	C:\WINDOWS\System32\KERNEL32.DLL
0x00007ffc2ad20000 - 0x00007ffc2b0f3000 	C:\WINDOWS\System32\KERNELBASE.dll
0x00007ffc2a800000 - 0x00007ffc2a911000 	C:\WINDOWS\System32\ucrtbase.dll
0x00007ffbeeaf0000 - 0x00007ffbeeb07000 	C:\Users\Khang\.jdks\openjdk-23.0.1\bin\jli.dll
0x00007ffbd7200000 - 0x00007ffbd721b000 	C:\Users\Khang\.jdks\openjdk-23.0.1\bin\VCRUNTIME140.dll
0x00007ffc2b6d0000 - 0x00007ffc2b881000 	C:\WINDOWS\System32\USER32.dll
0x00007ffc2ab50000 - 0x00007ffc2ab76000 	C:\WINDOWS\System32\win32u.dll
0x00007ffc2c940000 - 0x00007ffc2c969000 	C:\WINDOWS\System32\GDI32.dll
0x00007ffc22100000 - 0x00007ffc22398000 	C:\WINDOWS\WinSxS\amd64_microsoft.windows.common-controls_6595b64144ccf1df_6.0.22621.5124_none_270e8f4f7386d69d\COMCTL32.dll
0x00007ffc2a6e0000 - 0x00007ffc2a7fb000 	C:\WINDOWS\System32\gdi32full.dll
0x00007ffc2d2e0000 - 0x00007ffc2d387000 	C:\WINDOWS\System32\msvcrt.dll
0x00007ffc2ab80000 - 0x00007ffc2ac1a000 	C:\WINDOWS\System32\msvcp_win.dll
0x00007ffc2d0e0000 - 0x00007ffc2d111000 	C:\WINDOWS\System32\IMM32.DLL
0x00007ffbeeae0000 - 0x00007ffbeeaec000 	C:\Users\Khang\.jdks\openjdk-23.0.1\bin\vcruntime140_1.dll
0x00007ffbd70c0000 - 0x00007ffbd714e000 	C:\Users\Khang\.jdks\openjdk-23.0.1\bin\msvcp140.dll
0x00007ffb746d0000 - 0x00007ffb7541f000 	C:\Users\Khang\.jdks\openjdk-23.0.1\bin\server\jvm.dll
0x00007ffc2bf80000 - 0x00007ffc2c031000 	C:\WINDOWS\System32\ADVAPI32.dll
0x00007ffc2d4e0000 - 0x00007ffc2d588000 	C:\WINDOWS\System32\sechost.dll
0x00007ffc2a920000 - 0x00007ffc2a948000 	C:\WINDOWS\System32\bcrypt.dll
0x00007ffc2b5b0000 - 0x00007ffc2b6c4000 	C:\WINDOWS\System32\RPCRT4.dll
0x00007ffc2b270000 - 0x00007ffc2b2e1000 	C:\WINDOWS\System32\WS2_32.dll
0x00007ffc2a5b0000 - 0x00007ffc2a5fd000 	C:\WINDOWS\SYSTEM32\POWRPROF.dll
0x00007ffc23120000 - 0x00007ffc23154000 	C:\WINDOWS\SYSTEM32\WINMM.dll
0x00007ffc223a0000 - 0x00007ffc223aa000 	C:\WINDOWS\SYSTEM32\VERSION.dll
0x00007ffc2a590000 - 0x00007ffc2a5a3000 	C:\WINDOWS\SYSTEM32\UMPDC.dll
0x00007ffc29710000 - 0x00007ffc29728000 	C:\WINDOWS\SYSTEM32\kernel.appcore.dll
0x00007ffbeb270000 - 0x00007ffbeb27a000 	C:\Users\Khang\.jdks\openjdk-23.0.1\bin\jimage.dll
0x00007ffc1fe00000 - 0x00007ffc20032000 	C:\WINDOWS\SYSTEM32\DBGHELP.DLL
0x00007ffc2ccd0000 - 0x00007ffc2d062000 	C:\WINDOWS\System32\combase.dll
0x00007ffc2d390000 - 0x00007ffc2d467000 	C:\WINDOWS\System32\OLEAUT32.dll
0x00007ffc1d2f0000 - 0x00007ffc1d322000 	C:\WINDOWS\SYSTEM32\dbgcore.DLL
0x00007ffc2aca0000 - 0x00007ffc2ad1b000 	C:\WINDOWS\System32\bcryptPrimitives.dll
0x00007ffbdcc90000 - 0x00007ffbdcc9f000 	C:\Users\Khang\.jdks\openjdk-23.0.1\bin\instrument.dll
0x00007ffbd71e0000 - 0x00007ffbd71fe000 	C:\Users\Khang\.jdks\openjdk-23.0.1\bin\java.dll
0x00007ffc2b920000 - 0x00007ffc2bac1000 	C:\WINDOWS\System32\ole32.dll
0x00007ffc2c0a0000 - 0x00007ffc2c936000 	C:\WINDOWS\System32\SHELL32.dll
0x00007ffc2a950000 - 0x00007ffc2aa8f000 	C:\WINDOWS\System32\wintypes.dll
0x00007ffc28600000 - 0x00007ffc28f1a000 	C:\WINDOWS\SYSTEM32\windows.storage.dll
0x00007ffc2b3d0000 - 0x00007ffc2b4da000 	C:\WINDOWS\System32\SHCORE.dll
0x00007ffc2d070000 - 0x00007ffc2d0d3000 	C:\WINDOWS\System32\shlwapi.dll
0x00007ffc2a610000 - 0x00007ffc2a63b000 	C:\WINDOWS\SYSTEM32\profapi.dll
0x00007ffbd6fe0000 - 0x00007ffbd70b7000 	C:\Users\Khang\.jdks\openjdk-23.0.1\bin\jsvml.dll
0x00007ffbd71a0000 - 0x00007ffbd71b7000 	C:\Users\Khang\.jdks\openjdk-23.0.1\bin\zip.dll
0x00007ffbe8610000 - 0x00007ffbe8620000 	C:\Users\Khang\.jdks\openjdk-23.0.1\bin\net.dll
0x0000000180000000 - 0x000000018008a000 	C:\WINDOWS\system32\SafeIPs64.dll
0x00007ffc29b90000 - 0x00007ffc29bfa000 	C:\WINDOWS\SYSTEM32\MSWSOCK.dll
0x00007ffc29170000 - 0x00007ffc2919d000 	C:\WINDOWS\SYSTEM32\IPHLPAPI.DLL
0x00007ffc29970000 - 0x00007ffc299b3000 	C:\WINDOWS\SYSTEM32\SspiCli.dll
0x00007ffc27c70000 - 0x00007ffc27d23000 	C:\WINDOWS\system32\uxtheme.dll
0x00007ffc2cc00000 - 0x00007ffc2ccb0000 	C:\WINDOWS\System32\clbcatq.dll
0x00007ffc2a4d0000 - 0x00007ffc2a573000 	C:\WINDOWS\SYSTEM32\sxs.dll
0x00007ffbd71c0000 - 0x00007ffbd71d6000 	C:\Users\Khang\.jdks\openjdk-23.0.1\bin\nio.dll
0x00007ffbd6ee0000 - 0x00007ffbd6efa000 	C:\Program Files\JetBrains\IntelliJ IDEA Community Edition 2024.3\bin\breakgen64.dll
0x00007ffbdf330000 - 0x00007ffbdf339000 	C:\Users\Khang\.jdks\openjdk-23.0.1\bin\extnet.dll
0x00007ffbdd6c0000 - 0x00007ffbdd6ca000 	C:\Users\Khang\.jdks\openjdk-23.0.1\bin\management.dll
0x00007ffbdd060000 - 0x00007ffbdd06b000 	C:\Users\Khang\.jdks\openjdk-23.0.1\bin\management_ext.dll
0x00007ffc2b2f0000 - 0x00007ffc2b2f8000 	C:\WINDOWS\System32\PSAPI.DLL
0x00007ffbe42a0000 - 0x00007ffbe42ae000 	C:\Users\Khang\.jdks\openjdk-23.0.1\bin\sunmscapi.dll
0x00007ffc2b100000 - 0x00007ffc2b267000 	C:\WINDOWS\System32\CRYPT32.dll
0x00007ffc29f80000 - 0x00007ffc29fad000 	C:\WINDOWS\SYSTEM32\ncrypt.dll
0x00007ffc29f40000 - 0x00007ffc29f77000 	C:\WINDOWS\SYSTEM32\NTASN1.dll
0x00007ffc29de0000 - 0x00007ffc29dfb000 	C:\WINDOWS\SYSTEM32\CRYPTSP.dll
0x00007ffc29670000 - 0x00007ffc296a7000 	C:\WINDOWS\system32\rsaenh.dll
0x00007ffc29c80000 - 0x00007ffc29ca8000 	C:\WINDOWS\SYSTEM32\USERENV.dll
0x00007ffc29e00000 - 0x00007ffc29e0c000 	C:\WINDOWS\SYSTEM32\CRYPTBASE.dll
0x00007ffc2ccc0000 - 0x00007ffc2ccc9000 	C:\WINDOWS\System32\NSI.dll
0x00007ffbf1a10000 - 0x00007ffbf1a20000 	C:\Users\Khang\.jdks\openjdk-23.0.1\bin\verify.dll
0x00007ffc291a0000 - 0x00007ffc292a2000 	C:\WINDOWS\SYSTEM32\DNSAPI.dll
0x00007ffc22930000 - 0x00007ffc2293a000 	C:\Windows\System32\rasadhlp.dll
0x00007ffc229c0000 - 0x00007ffc22a43000 	C:\WINDOWS\System32\fwpuclnt.dll
0x00007ffbe7c30000 - 0x00007ffbe7c38000 	C:\WINDOWS\system32\wshunix.dll

dbghelp: loaded successfully - version: 4.0.5 - missing functions: none
symbol engine: initialized successfully - sym options: 0x614 - pdb path: .;C:\Users\Khang\.jdks\openjdk-23.0.1\bin;C:\WINDOWS\SYSTEM32;C:\WINDOWS\WinSxS\amd64_microsoft.windows.common-controls_6595b64144ccf1df_6.0.22621.5124_none_270e8f4f7386d69d;C:\Users\Khang\.jdks\openjdk-23.0.1\bin\server;C:\Program Files\JetBrains\IntelliJ IDEA Community Edition 2024.3\bin

VM Arguments:
jvm_args: -javaagent:C:\Program Files\JetBrains\IntelliJ IDEA Community Edition 2024.3\lib\idea_rt.jar=57200:C:\Program Files\JetBrains\IntelliJ IDEA Community Edition 2024.3\bin -Dfile.encoding=UTF-8 -Dsun.stdout.encoding=UTF-8 -Dsun.stderr.encoding=UTF-8 
java_command: com.zosh.OnlineFoodOrderingApplication
java_class_path (initial): C:\Users\Khang\Desktop\Project Web\Online Food Ordering\Online-Food-Ordering\target\classes;C:\Users\Khang\.m2\repository\org\springframework\boot\spring-boot-starter-data-jpa\3.4.2\spring-boot-starter-data-jpa-3.4.2.jar;C:\Users\Khang\.m2\repository\org\springframework\boot\spring-boot-starter\3.4.2\spring-boot-starter-3.4.2.jar;C:\Users\Khang\.m2\repository\org\springframework\boot\spring-boot-starter-logging\3.4.2\spring-boot-starter-logging-3.4.2.jar;C:\Users\Khang\.m2\repository\ch\qos\logback\logback-classic\1.5.16\logback-classic-1.5.16.jar;C:\Users\Khang\.m2\repository\ch\qos\logback\logback-core\1.5.16\logback-core-1.5.16.jar;C:\Users\Khang\.m2\repository\org\apache\logging\log4j\log4j-to-slf4j\2.24.3\log4j-to-slf4j-2.24.3.jar;C:\Users\Khang\.m2\repository\org\apache\logging\log4j\log4j-api\2.24.3\log4j-api-2.24.3.jar;C:\Users\Khang\.m2\repository\org\slf4j\jul-to-slf4j\2.0.16\jul-to-slf4j-2.0.16.jar;C:\Users\Khang\.m2\repository\jakarta\annotation\jakarta.annotation-api\2.1.1\jakarta.annotation-api-2.1.1.jar;C:\Users\Khang\.m2\repository\org\yaml\snakeyaml\2.3\snakeyaml-2.3.jar;C:\Users\Khang\.m2\repository\org\springframework\boot\spring-boot-starter-jdbc\3.4.2\spring-boot-starter-jdbc-3.4.2.jar;C:\Users\Khang\.m2\repository\com\zaxxer\HikariCP\5.1.0\HikariCP-5.1.0.jar;C:\Users\Khang\.m2\repository\org\springframework\spring-jdbc\6.2.2\spring-jdbc-6.2.2.jar;C:\Users\Khang\.m2\repository\org\hibernate\orm\hibernate-core\6.6.5.Final\hibernate-core-6.6.5.Final.jar;C:\Users\Khang\.m2\repository\jakarta\persistence\jakarta.persistence-api\3.1.0\jakarta.persistence-api-3.1.0.jar;C:\Users\Khang\.m2\repository\jakarta\transaction\jakarta.transaction-api\2.0.1\jakarta.transaction-api-2.0.1.jar;C:\Users\Khang\.m2\repository\org\jboss\logging\jboss-logging\3.6.1.Final\jboss-logging-3.6.1.Final.jar;C:\Users\Khang\.m2\repository\org\hibernate\common\hibernate-commons-annotations\7.0.3.Final\hibernate-commons-annotations-7.0.3.Final.jar;C:\Users\Khang\.m2\repository\io\smallrye\jandex\3.2.0\jandex-3.2.0.jar;C:\Users\Khang\.m2\repository\com\fasterxml\classmate\1.7.0\classmate-1.7.0.jar;C:\Users\Khang\.m2\repository\net\bytebuddy\byte-buddy\1.15.11\byte-buddy-1.15.11.jar;C:\Users\Khang\.m2\repository\org\glassfish\jaxb\jaxb-runtime\4.0.5\jaxb-runtime-4.0.5.jar;C:\Users\Khang\.m2\repository\org\glassfish\jaxb\jaxb-core\4.0.5\jaxb-core-4.0.5.jar;C:\Users\Khang\.m2\repository\org\eclipse\angus\angus-activation\2.0.2\angus-activation-2.0.2.jar;C:\Users\Khang\.m2\repository\org\glassfish\jaxb\txw2\4.0.5\txw2-4.0.5.jar;C:\Users\Khang\.m2\repository\com\sun\istack\istack-commons-runtime\4.1.2\istack-commons-runtime-4.1.2.jar;C:\Users\Khang\.m2\repository\jakarta\inject\jakarta.inject-api\2.0.1\jakarta.inject-api-2.0.1.jar;C:\Users\Khang\.m2\repository\org\antlr\antlr4-runtime\4.13.0\antlr4-runtime-4.13.0.jar;C:\Users\Khang\.m2\repository\org\springframework\data\spring-data-jpa\3.4.2\spring-data-jpa-3.4.2.jar;C:\Users\Khang\.m2\repository\org\springframework\data\spring-data-commons\3.4.2\spring-data-commons-3.4.2.jar;C:\Users\Khang\.m2\repository\org\springframework\spring-orm\6.2.2\spring-orm-6.2.2.jar;C:\Users\Khang\.m2\repository\org\springframework\spring-context\6.2.2\spring-context-6.2.2.jar;C:\Users\Khang\.m2\repository\org\springframework\spring-tx\6.2.2\spring-tx-6.2.2.jar;C:\Users\Khang\.m2\repository\org\springframework\spring-beans\6.2.2\spring-beans-6.2.2.jar;C:\Users\Khang\.m2\repository\org\slf4j\slf4j-api\2.0.16\slf4j-api-2.0.16.jar;C:\Users\Khang\.m2\repository\org\springframework\spring-aspects\6.2.2\spring-aspects-6.2.2.jar;C:\Users\Khang\.m2\repository\org\aspectj\aspectjweaver\1.9.22.1\aspectjweaver-1.9.22.1.jar;C:\Users\Khang\.m2\repository\org\springframework\boot\spring-boot-starter-security\3.4.2\spring-boot-starter-security-3.4.2.jar;C:\Users\Khang\.m2\repository\org\springframework\spring-aop\6.2.2\spring-aop-6.2.2.jar;C:\Users\Khang\.m2\repository\org\springframework\security\spring-security-config\6.4.2\spring-security-config-6.4.2.jar;C:\Users\Khang\.m2\repository\org\springframework\security\spring-security-web\6.4.2\spring-security-web-6.4.2.jar;C:\Users\Khang\.m2\repository\org\springframework\spring-expression\6.2.2\spring-expression-6.2.2.jar;C:\Users\Khang\.m2\repository\org\springframework\boot\spring-boot-starter-web\3.4.2\spring-boot-starter-web-3.4.2.jar;C:\Users\Khang\.m2\repository\org\springframework\boot\spring-boot-starter-json\3.4.2\spring-boot-starter-json-3.4.2.jar;C:\Users\Khang\.m2\repository\com\fasterxml\jackson\datatype\jackson-datatype-jdk8\2.18.2\jackson-datatype-jdk8-2.18.2.jar;C:\Users\Khang\.m2\repository\com\fasterxml\jackson\datatype\jackson-datatype-jsr310\2.18.2\jackson-datatype-jsr310-2.18.2.jar;C:\Users\Khang\.m2\repository\com\fasterxml\jackson\module\jackson-module-parameter-names\2.18.2\jackson-module-parameter-names-2.18.2.jar;C:\Users\Khang\.m2\repository\org\springframework\boot\spring-boot-starter-tomcat\3.4.2\spring-boot-starter-tomcat-3.4.2.jar;C:\Users\Khang\.m2\repository\org\apache\tomcat\embed\tomcat-embed-core\10.1.34\tomcat-embed-core-10.1.34.jar;C:\Users\Khang\.m2\repository\org\apache\tomcat\embed\tomcat-embed-el\10.1.34\tomcat-embed-el-10.1.34.jar;C:\Users\Khang\.m2\repository\org\apache\tomcat\embed\tomcat-embed-websocket\10.1.34\tomcat-embed-websocket-10.1.34.jar;C:\Users\Khang\.m2\repository\org\springframework\spring-web\6.2.2\spring-web-6.2.2.jar;C:\Users\Khang\.m2\repository\io\micrometer\micrometer-observation\1.14.3\micrometer-observation-1.14.3.jar;C:\Users\Khang\.m2\repository\io\micrometer\micrometer-commons\1.14.3\micrometer-commons-1.14.3.jar;C:\Users\Khang\.m2\repository\org\springframework\spring-webmvc\6.2.2\spring-webmvc-6.2.2.jar;C:\Users\Khang\.m2\repository\org\springframework\boot\spring-boot-devtools\3.4.2\spring-boot-devtools-3.4.2.jar;C:\Users\Khang\.m2\repository\org\springframework\boot\spring-boot\3.4.2\spring-boot-3.4.2.jar;C:\Users\Khang\.m2\repository\org\springframework\boot\spring-boot-autoconfigure\3.4.2\spring-boot-autoconfigure-3.4.2.jar;C:\Users\Khang\.m2\repository\com\mysql\mysql-connector-j\9.1.0\mysql-connector-j-9.1.0.jar;C:\Users\Khang\.m2\repository\org\projectlombok\lombok\1.18.36\lombok-1.18.36.jar;C:\Users\Khang\.m2\repository\jakarta\xml\bind\jakarta.xml.bind-api\4.0.2\jakarta.xml.bind-api-4.0.2.jar;C:\Users\Khang\.m2\repository\jakarta\activation\jakarta.activation-api\2.1.3\jakarta.activation-api-2.1.3.jar;C:\Users\Khang\.m2\repository\org\springframework\spring-core\6.2.2\spring-core-6.2.2.jar;C:\Users\Khang\.m2\repository\org\springframework\spring-jcl\6.2.2\spring-jcl-6.2.2.jar;C:\Users\Khang\.m2\repository\org\springframework\security\spring-security-core\6.4.2\spring-security-core-6.4.2.jar;C:\Users\Khang\.m2\repository\org\springframework\security\spring-security-crypto\6.4.2\spring-security-crypto-6.4.2.jar;C:\Users\Khang\.m2\repository\io\jsonwebtoken\jjwt-api\0.11.5\jjwt-api-0.11.5.jar;C:\Users\Khang\.m2\repository\io\jsonwebtoken\jjwt-impl\0.11.5\jjwt-impl-0.11.5.jar;C:\Users\Khang\.m2\repository\io\jsonwebtoken\jjwt-jackson\0.11.5\jjwt-jackson-0.11.5.jar;C:\Users\Khang\.m2\repository\com\fasterxml\jackson\core\jackson-databind\2.18.2\jackson-databind-2.18.2.jar;C:\Users\Khang\.m2\repository\com\fasterxml\jackson\core\jackson-annotations\2.18.2\jackson-annotations-2.18.2.jar;C:\Users\Khang\.m2\repository\com\fasterxml\jackson\core\jackson-core\2.18.2\jackson-core-2.18.2.jar
Launcher Type: SUN_STANDARD

[Global flags]
     intx CICompilerCount                          = 12                                        {product} {ergonomic}
     uint ConcGCThreads                            = 3                                         {product} {ergonomic}
     uint G1ConcRefinementThreads                  = 13                                        {product} {ergonomic}
   size_t G1HeapRegionSize                         = 1048576                                   {product} {ergonomic}
   size_t InitialHeapSize                          = 121634816                                 {product} {ergonomic}
   size_t MarkStackSize                            = 4194304                                   {product} {ergonomic}
   size_t MarkStackSizeMax                         = 536870912                                 {product} {ergonomic}
   size_t MaxHeapSize                              = 1946157056                                {product} {ergonomic}
   size_t MaxNewSize                               = 1167065088                                {product} {ergonomic}
   size_t MinHeapDeltaBytes                        = 1048576                                   {product} {ergonomic}
   size_t MinHeapSize                              = 8388608                                   {product} {ergonomic}
    uintx NonNMethodCodeHeapSize                   = 7602176                                {pd product} {ergonomic}
    uintx NonProfiledCodeHeapSize                  = 122093568                              {pd product} {ergonomic}
    uintx ProfiledCodeHeapSize                     = 121962496                              {pd product} {ergonomic}
    uintx ReservedCodeCacheSize                    = 251658240                              {pd product} {ergonomic}
     bool SegmentedCodeCache                       = true                                      {product} {ergonomic}
   size_t SoftMaxHeapSize                          = 1946157056                             {manageable} {ergonomic}
     bool UseCompressedOops                        = true                           {product lp64_product} {ergonomic}
     bool UseG1GC                                  = true                                      {product} {ergonomic}
     bool UseLargePagesIndividualAllocation        = false                                  {pd product} {ergonomic}

Logging:
Log output configuration:
 #0: stdout all=warning uptime,level,tags foldmultilines=false
 #1: stderr all=off uptime,level,tags foldmultilines=false

Environment Variables:
JAVA_HOME=C:\Program Files\Java\jdk-20
PATH=C:\Program Files\Microsoft\jdk-21.0.5.11-hotspot\bin;C:\Program Files\Python312\Scripts\;C:\Program Files\Python312\;C:\Program Files (x86)\VMware\VMware Workstation\bin\;C:\Program Files\Common Files\Oracle\Java\javapath;C:\MinGW\bin;C:\Windows\system32;C:\Windows;C:\Windows\System32\Wbem;C:\Windows\System32\WindowsPowerShell\v1.0\;C:\Windows\System32\OpenSSH\;C:\Program Files (x86)\NVIDIA Corporation\PhysX\Common;C:\Program Files\NVIDIA Corporation\NVIDIA NvDLISR;search-ms:displayname=Search%20Results%20in%20msys64&crumb=location:C%3A%5Cmsys64\bin;C:\WINDOWS\system32;C:\WINDOWS;C:\WINDOWS\System32\Wbem;C:\WINDOWS\System32\WindowsPowerShell\v1.0\;C:\WINDOWS\System32\OpenSSH\;C:\Program Files\Java\jdk-20\bin;C:\Program Files (x86)\Microsoft SQL Server\160\Tools\Binn\;C:\Program Files\Microsoft SQL Server\160\Tools\Binn\;C:\Program Files\Microsoft SQL Server\Client SDK\ODBC\170\Tools\Binn\;C:\Program Files\Microsoft SQL Server\160\DTS\Binn\;C:\Program Files (x86)\Microsoft SQL Server\160\DTS\Binn\;C:\Program Files\Azure Data Studio\bin;C:\Program Files\Microsoft SQL Server\150\Tools\Binn\;C:\Program Files\dotnet\;C:\TDM-GCC-64\bin;D:\GIT\Git\cmd;C:\Users\Khang\AppData\Local\nvm;C:\nvm4w\nodejs;C:\Program Files\Cloudflare\Cloudflare WARP\;C:\Users\Khang\AppData\Local\Programs\Python\Python311\Scripts\;C:\Users\Khang\AppData\Local\Programs\Python\Python311\;C:\Users\Khang\AppData\Local\Microsoft\WindowsApps;C:\Program Files\Azure Data Studio\bin;C:\Users\Khang\.dotnet\tools;C:\Users\Khang\AppData\Local\GitHubDesktop\bin;D:\Visual\Microsoft VS Code\bin;C:\TDM-GCC-64\bin;C:\Users\Khang\AppData\Roaming\npm;C:\Program Files\Apache Software Foundation\apache-maven-3.9.9\bin;C:\Users\Khang\AppData\Local\nvm;C:\nvm4w\nodejs
USERNAME=Khang
OS=Windows_NT
PROCESSOR_IDENTIFIER=AMD64 Family 25 Model 68 Stepping 1, AuthenticAMD
TMP=C:\Users\Khang\AppData\Local\Temp
TEMP=C:\Users\Khang\AppData\Local\Temp




Periodic native trim disabled

---------------  S Y S T E M  ---------------

OS:
 Windows 11 , 64 bit Build 22621 (10.0.22621.5124)
OS uptime: 0 days 7:10 hours

CPU: total 16 (initial active 16) (16 cores per cpu, 2 threads per core) family 25 model 68 stepping 1 microcode 0x0, cx8, cmov, fxsr, ht, mmx, 3dnowpref, sse, sse2, sse3, ssse3, sse4a, sse4.1, sse4.2, popcnt, lzcnt, tsc, tscinvbit, avx, avx2, aes, clmul, bmi1, bmi2, adx, sha, fma, vzeroupper, clflush, clflushopt, rdtscp, rdpid, f16c, pku, cet_ss
Processor Information for the first 16 processors :
  Max Mhz: 3201, Current Mhz: 3201, Mhz Limit: 3201

Memory: 4k page, system-wide physical 7421M (505M free)
TotalPageFile size 29949M (AvailPageFile size 6M)
current process WorkingSet (physical memory assigned to process): 249M, peak: 338M
current process commit charge ("private bytes"): 407M, peak: 420M

vm_info: OpenJDK 64-Bit Server VM (23.0.1+11-39) for windows-amd64 JRE (23.0.1+11-39), built on 2024-09-30T07:20:43Z with MS VC++ 17.6 (VS2022)

END.
